This is XeTeX, Version 3.14159265-2.6-0.99996 (MiKTeX 2.9.6210 64-bit) (preloaded format=xelatex 2017.6.25)  8 APR 2018 10:02
entering extended mode
**./LossDataAnalytics.tex
(LossDataAnalytics.tex
LaTeX2e <2017/01/01> patch level 1
Babel <3.9r> and hyphenation patterns for 75 language(s) loaded.
("C:\Program Files\MiKTeX 2.9\tex\latex\base\book.cls"
Document Class: book 2014/09/29 v1.4h Standard LaTeX document class
("C:\Program Files\MiKTeX 2.9\tex\latex\base\bk10.clo"
File: bk10.clo 2014/09/29 v1.4h Standard LaTeX file (size option)
)
\c@part=\count79
\c@chapter=\count80
\c@section=\count81
\c@subsection=\count82
\c@subsubsection=\count83
\c@paragraph=\count84
\c@subparagraph=\count85
\c@figure=\count86
\c@table=\count87
\abovecaptionskip=\skip41
\belowcaptionskip=\skip42
\bibindent=\dimen102
) ("C:\Program Files\MiKTeX 2.9\tex\latex\lm\lmodern.sty"
Package: lmodern 2009/10/30 v1.6 Latin Modern Fonts
LaTeX Font Info:    Overwriting symbol font `operators' in version `normal'
(Font)                  OT1/cmr/m/n --> OT1/lmr/m/n on input line 22.
LaTeX Font Info:    Overwriting symbol font `letters' in version `normal'
(Font)                  OML/cmm/m/it --> OML/lmm/m/it on input line 23.
LaTeX Font Info:    Overwriting symbol font `symbols' in version `normal'
(Font)                  OMS/cmsy/m/n --> OMS/lmsy/m/n on input line 24.
LaTeX Font Info:    Overwriting symbol font `largesymbols' in version `normal'
(Font)                  OMX/cmex/m/n --> OMX/lmex/m/n on input line 25.
LaTeX Font Info:    Overwriting symbol font `operators' in version `bold'
(Font)                  OT1/cmr/bx/n --> OT1/lmr/bx/n on input line 26.
LaTeX Font Info:    Overwriting symbol font `letters' in version `bold'
(Font)                  OML/cmm/b/it --> OML/lmm/b/it on input line 27.
LaTeX Font Info:    Overwriting symbol font `symbols' in version `bold'
(Font)                  OMS/cmsy/b/n --> OMS/lmsy/b/n on input line 28.
LaTeX Font Info:    Overwriting symbol font `largesymbols' in version `bold'
(Font)                  OMX/cmex/m/n --> OMX/lmex/m/n on input line 29.
LaTeX Font Info:    Overwriting math alphabet `\mathbf' in version `normal'
(Font)                  OT1/cmr/bx/n --> OT1/lmr/bx/n on input line 31.
LaTeX Font Info:    Overwriting math alphabet `\mathsf' in version `normal'
(Font)                  OT1/cmss/m/n --> OT1/lmss/m/n on input line 32.
LaTeX Font Info:    Overwriting math alphabet `\mathit' in version `normal'
(Font)                  OT1/cmr/m/it --> OT1/lmr/m/it on input line 33.
LaTeX Font Info:    Overwriting math alphabet `\mathtt' in version `normal'
(Font)                  OT1/cmtt/m/n --> OT1/lmtt/m/n on input line 34.
LaTeX Font Info:    Overwriting math alphabet `\mathbf' in version `bold'
(Font)                  OT1/cmr/bx/n --> OT1/lmr/bx/n on input line 35.
LaTeX Font Info:    Overwriting math alphabet `\mathsf' in version `bold'
(Font)                  OT1/cmss/bx/n --> OT1/lmss/bx/n on input line 36.
LaTeX Font Info:    Overwriting math alphabet `\mathit' in version `bold'
(Font)                  OT1/cmr/bx/it --> OT1/lmr/bx/it on input line 37.
LaTeX Font Info:    Overwriting math alphabet `\mathtt' in version `bold'
(Font)                  OT1/cmtt/m/n --> OT1/lmtt/m/n on input line 38.
) ("C:\Program Files\MiKTeX 2.9\tex\latex\amsfonts\amssymb.sty"
Package: amssymb 2013/01/14 v3.01 AMS font symbols
("C:\Program Files\MiKTeX 2.9\tex\latex\amsfonts\amsfonts.sty"
Package: amsfonts 2013/01/14 v3.01 Basic AMSFonts support
\@emptytoks=\toks14
\symAMSa=\mathgroup4
\symAMSb=\mathgroup5
LaTeX Font Info:    Overwriting math alphabet `\mathfrak' in version `bold'
(Font)                  U/euf/m/n --> U/euf/b/n on input line 106.
)) ("C:\Program Files\MiKTeX 2.9\tex\latex\amsmath\amsmath.sty"
Package: amsmath 2016/11/05 v2.16a AMS math features
\@mathmargin=\skip43
For additional information on amsmath, use the `?' option.
("C:\Program Files\MiKTeX 2.9\tex\latex\amsmath\amstext.sty"
Package: amstext 2000/06/29 v2.01 AMS text
("C:\Program Files\MiKTeX 2.9\tex\latex\amsmath\amsgen.sty"
File: amsgen.sty 1999/11/30 v2.0 generic functions
\@emptytoks=\toks15
\ex@=\dimen103
)) ("C:\Program Files\MiKTeX 2.9\tex\latex\amsmath\amsbsy.sty"
Package: amsbsy 1999/11/29 v1.2d Bold Symbols
\pmbraise@=\dimen104
) ("C:\Program Files\MiKTeX 2.9\tex\latex\amsmath\amsopn.sty"
Package: amsopn 2016/03/08 v2.02 operator names
)
\inf@bad=\count88
LaTeX Info: Redefining \frac on input line 213.
\uproot@=\count89
\leftroot@=\count90
LaTeX Info: Redefining \overline on input line 375.
\classnum@=\count91
\DOTSCASE@=\count92
LaTeX Info: Redefining \ldots on input line 472.
LaTeX Info: Redefining \dots on input line 475.
LaTeX Info: Redefining \cdots on input line 596.
\Mathstrutbox@=\box26
\strutbox@=\box27
\big@size=\dimen105
LaTeX Font Info:    Redeclaring font encoding OML on input line 712.
LaTeX Font Info:    Redeclaring font encoding OMS on input line 713.
\macc@depth=\count93
\c@MaxMatrixCols=\count94
\dotsspace@=\muskip10
\c@parentequation=\count95
\dspbrk@lvl=\count96
\tag@help=\toks16
\row@=\count97
\column@=\count98
\maxfields@=\count99
\andhelp@=\toks17
\eqnshift@=\dimen106
\alignsep@=\dimen107
\tagshift@=\dimen108
\tagwidth@=\dimen109
\totwidth@=\dimen110
\lineht@=\dimen111
\@envbody=\toks18
\multlinegap=\skip44
\multlinetaggap=\skip45
\mathdisplay@stack=\toks19
LaTeX Info: Redefining \[ on input line 2817.
LaTeX Info: Redefining \] on input line 2818.
) ("C:\Program Files\MiKTeX 2.9\tex\generic\ifxetex\ifxetex.sty"
Package: ifxetex 2010/09/12 v0.6 Provides ifxetex conditional
) ("C:\Program Files\MiKTeX 2.9\tex\generic\oberdiek\ifluatex.sty"
Package: ifluatex 2016/05/16 v1.4 Provides the ifluatex switch (HO)
Package ifluatex Info: LuaTeX not detected.
) ("C:\Program Files\MiKTeX 2.9\tex\latex\base\fixltx2e.sty"
Package: fixltx2e 2016/12/29 v2.1a fixes to LaTeX (obsolete)
Applying: [2015/01/01] Old fixltx2e package on input line 46.

Package fixltx2e Warning: fixltx2e is not required with releases after 2015
(fixltx2e)                All fixes are now in the LaTeX kernel.
(fixltx2e)                See the latexrelease package for details.

Already applied: [0000/00/00] Old fixltx2e package on input line 53.
) ("C:\Program Files\MiKTeX 2.9\tex\xelatex\mathspec\mathspec.sty"
Package: mathspec 2016/12/22 v0.2b LaTeX Package (Mathematics font selection fo
r XeLaTeX)
("C:\Program Files\MiKTeX 2.9\tex\latex\etoolbox\etoolbox.sty"
Package: etoolbox 2017/01/02 v2.4 e-TeX tools for LaTeX (JAW)
\etb@tempcnta=\count100
) ("C:\Program Files\MiKTeX 2.9\tex\latex\fontspec\fontspec.sty" ("C:\Program F
iles\MiKTeX 2.9\tex\latex\l3kernel\expl3.sty"
Package: expl3 2017/05/29 L3 programming layer (loader) 
("C:\Program Files\MiKTeX 2.9\tex\latex\l3kernel\expl3-code.tex"
Package: expl3 2017/05/29 L3 programming layer (code)
\c_max_int=\count101
\l_tmpa_int=\count102
\l_tmpb_int=\count103
\g_tmpa_int=\count104
\g_tmpb_int=\count105
\g__intarray_font_int=\count106
\g__prg_map_int=\count107
\c_log_iow=\count108
\l_iow_line_count_int=\count109
\l__iow_line_target_int=\count110
\l__iow_one_indent_int=\count111
\l__iow_indent_int=\count112
\c_zero_dim=\dimen112
\c_max_dim=\dimen113
\l_tmpa_dim=\dimen114
\l_tmpb_dim=\dimen115
\g_tmpa_dim=\dimen116
\g_tmpb_dim=\dimen117
\c_zero_skip=\skip46
\c_max_skip=\skip47
\l_tmpa_skip=\skip48
\l_tmpb_skip=\skip49
\g_tmpa_skip=\skip50
\g_tmpb_skip=\skip51
\c_zero_muskip=\muskip11
\c_max_muskip=\muskip12
\l_tmpa_muskip=\muskip13
\l_tmpb_muskip=\muskip14
\g_tmpa_muskip=\muskip15
\g_tmpb_muskip=\muskip16
\l_keys_choice_int=\count113
\c__fp_leading_shift_int=\count114
\c__fp_middle_shift_int=\count115
\c__fp_trailing_shift_int=\count116
\c__fp_big_leading_shift_int=\count117
\c__fp_big_middle_shift_int=\count118
\c__fp_big_trailing_shift_int=\count119
\c__fp_Bigg_leading_shift_int=\count120
\c__fp_Bigg_middle_shift_int=\count121
\c__fp_Bigg_trailing_shift_int=\count122
\l__sort_length_int=\count123
\l__sort_min_int=\count124
\l__sort_top_int=\count125
\l__sort_max_int=\count126
\l__sort_true_max_int=\count127
\l__sort_block_int=\count128
\l__sort_begin_int=\count129
\l__sort_end_int=\count130
\l__sort_A_int=\count131
\l__sort_B_int=\count132
\l__sort_C_int=\count133
\l__tl_build_start_index_int=\count134
\l__tl_build_index_int=\count135
\l__tl_analysis_normal_int=\count136
\l__tl_analysis_index_int=\count137
\l__tl_analysis_nesting_int=\count138
\l__tl_analysis_type_int=\count139
\l__regex_internal_a_int=\count140
\l__regex_internal_b_int=\count141
\l__regex_internal_c_int=\count142
\l__regex_balance_int=\count143
\l__regex_group_level_int=\count144
\l__regex_mode_int=\count145
\c__regex_cs_in_class_mode_int=\count146
\c__regex_cs_mode_int=\count147
\l__regex_catcodes_int=\count148
\l__regex_default_catcodes_int=\count149
\c__regex_catcode_L_int=\count150
\c__regex_catcode_O_int=\count151
\c__regex_catcode_A_int=\count152
\c__regex_all_catcodes_int=\count153
\l__regex_show_lines_int=\count154
\l__regex_min_state_int=\count155
\l__regex_max_state_int=\count156
\l__regex_left_state_int=\count157
\l__regex_right_state_int=\count158
\l__regex_capturing_group_int=\count159
\l__regex_min_pos_int=\count160
\l__regex_max_pos_int=\count161
\l__regex_current_pos_int=\count162
\l__regex_start_pos_int=\count163
\l__regex_success_pos_int=\count164
\l__regex_current_char_int=\count165
\l__regex_current_catcode_int=\count166
\l__regex_last_char_int=\count167
\l__regex_case_changed_char_int=\count168
\l__regex_current_state_int=\count169
\l__regex_step_int=\count170
\l__regex_min_active_int=\count171
\l__regex_max_active_int=\count172
\l__regex_replacement_csnames_int=\count173
\l__regex_match_count_int=\count174
\l__regex_min_submatch_int=\count175
\l__regex_submatch_int=\count176
\l__regex_zeroth_submatch_int=\count177
\c_empty_box=\box28
\l_tmpa_box=\box29
\l_tmpb_box=\box30
\g_tmpa_box=\box31
\g_tmpb_box=\box32
\l__box_top_dim=\dimen118
\l__box_bottom_dim=\dimen119
\l__box_left_dim=\dimen120
\l__box_right_dim=\dimen121
\l__box_top_new_dim=\dimen122
\l__box_bottom_new_dim=\dimen123
\l__box_left_new_dim=\dimen124
\l__box_right_new_dim=\dimen125
\l__box_internal_box=\box33
\l__coffin_internal_box=\box34
\l__coffin_internal_dim=\dimen126
\l__coffin_offset_x_dim=\dimen127
\l__coffin_offset_y_dim=\dimen128
\l__coffin_x_dim=\dimen129
\l__coffin_y_dim=\dimen130
\l__coffin_x_prime_dim=\dimen131
\l__coffin_y_prime_dim=\dimen132
\c_empty_coffin=\box35
\l__coffin_aligned_coffin=\box36
\l__coffin_aligned_internal_coffin=\box37
\l_tmpa_coffin=\box38
\l_tmpb_coffin=\box39
\l__coffin_display_coffin=\box40
\l__coffin_display_coord_coffin=\box41
\l__coffin_display_pole_coffin=\box42
\l__coffin_display_offset_dim=\dimen133
\l__coffin_display_x_dim=\dimen134
\l__coffin_display_y_dim=\dimen135
\l__coffin_bounding_shift_dim=\dimen136
\l__coffin_left_corner_dim=\dimen137
\l__coffin_right_corner_dim=\dimen138
\l__coffin_bottom_corner_dim=\dimen139
\l__coffin_top_corner_dim=\dimen140
\l__coffin_scaled_total_height_dim=\dimen141
\l__coffin_scaled_width_dim=\dimen142
) ("C:\Program Files\MiKTeX 2.9\tex\latex\l3kernel\l3xdvipdfmx.def"
File: l3xdvidpfmx.def 2017/03/18 v L3 Experimental driver: xdvipdfmx
\g__driver_image_int=\count178
\l__driver_tmp_box=\box43
)) ("C:\Program Files\MiKTeX 2.9\tex\latex\l3packages\xparse\xparse.sty"
Package: xparse 2017/05/29 L3 Experimental document command parser
\l__xparse_current_arg_int=\count179
\g__xparse_grabber_int=\count180
\l__xparse_m_args_int=\count181
\l__xparse_mandatory_args_int=\count182
\l__xparse_v_nesting_int=\count183
)
Package: fontspec 2017/01/02 v2.5c Font selection for XeLaTeX and LuaLaTeX
("C:\Program Files\MiKTeX 2.9\tex\latex\fontspec\fontspec-xetex.sty"
Package: fontspec-xetex 2017/01/02 v2.5c Font selection for XeLaTeX and LuaLaTe
X
\l__fontspec_script_int=\count184
\l__fontspec_language_int=\count185
\l__fontspec_strnum_int=\count186
\l__fontspec_tmp_int=\count187
\l__fontspec_em_int=\count188
\l__fontspec_emdef_int=\count189
\l__fontspec_tmpa_dim=\dimen143
\l__fontspec_tmpb_dim=\dimen144
\l__fontspec_tmpc_dim=\dimen145
\g__file_internal_ior=\read1
("C:\Program Files\MiKTeX 2.9\tex\latex\base\fontenc.sty"
Package: fontenc 2017/01/24 v2.0c Standard LaTeX package
("C:\Program Files\MiKTeX 2.9\tex\latex\base\tuenc.def"
File: tuenc.def 2017/01/24 v2.0c Standard LaTeX file
LaTeX Font Info:    Redeclaring font encoding TU on input line 67.
))
.................................................
. LaTeX info: "xparse/define-command"
. 
. Defining command \fontspec with sig. 'O{}mO{}' on line 470.
.................................................
.................................................
. LaTeX info: "xparse/define-command"
. 
. Defining command \setmainfont with sig. 'O{}mO{}' on line 486.
.................................................
.................................................
. LaTeX info: "xparse/define-command"
. 
. Defining command \setsansfont with sig. 'O{}mO{}' on line 502.
.................................................
.................................................
. LaTeX info: "xparse/define-command"
. 
. Defining command \setmonofont with sig. 'O{}mO{}' on line 518.
.................................................
.................................................
. LaTeX info: "xparse/define-command"
. 
. Defining command \setmathrm with sig. 'O{}mO{}' on line 523.
.................................................
.................................................
. LaTeX info: "xparse/define-command"
. 
. Defining command \setboldmathrm with sig. 'O{}mO{}' on line 528.
.................................................
.................................................
. LaTeX info: "xparse/define-command"
. 
. Defining command \setmathsf with sig. 'O{}mO{}' on line 533.
.................................................
.................................................
. LaTeX info: "xparse/define-command"
. 
. Defining command \setmathtt with sig. 'O{}mO{}' on line 538.
.................................................
.................................................
. LaTeX info: "xparse/define-command"
. 
. Defining command \newfontfamily with sig. 'mO{}mO{}' on line 558.
.................................................
.................................................
. LaTeX info: "xparse/define-command"
. 
. Defining command \newfontface with sig. 'mO{}mO{}' on line 562.
.................................................
.................................................
. LaTeX info: "xparse/define-command"
. 
. Defining command \defaultfontfeatures with sig. 't+om' on line 569.
.................................................
.................................................
. LaTeX info: "xparse/define-command"
. 
. Defining command \addfontfeatures with sig. 'm' on line 618.
.................................................
.................................................
. LaTeX info: "xparse/define-command"
. 
. Defining command \newfontfeature with sig. 'mm' on line 629.
.................................................
.................................................
. LaTeX info: "xparse/define-command"
. 
. Defining command \newAATfeature with sig. 'mmmm' on line 637.
.................................................
.................................................
. LaTeX info: "xparse/define-command"
. 
. Defining command \newopentypefeature with sig. 'mmm' on line 645.
.................................................
.................................................
. LaTeX info: "xparse/define-command"
. 
. Defining command \aliasfontfeature with sig. 'mm' on line 666.
.................................................
.................................................
. LaTeX info: "xparse/define-command"
. 
. Defining command \aliasfontfeatureoption with sig. 'mmm' on line 683.
.................................................
.................................................
. LaTeX info: "xparse/define-command"
. 
. Defining command \newfontscript with sig. 'mm' on line 687.
.................................................
.................................................
. LaTeX info: "xparse/define-command"
. 
. Defining command \newfontlanguage with sig. 'mm' on line 691.
.................................................
.................................................
. LaTeX info: "xparse/define-command"
. 
. Defining command \DeclareFontsExtensions with sig. 'm' on line 696.
.................................................
.................................................
. LaTeX info: "xparse/define-command"
. 
. Defining command \IfFontFeatureActiveTF with sig. 'mmm' on line 702.
.................................................
.................................................
. LaTeX info: "xparse/define-command"
. 
. Defining command \EncodingCommand with sig. 'mO{}m' on line 3288.
.................................................
.................................................
. LaTeX info: "xparse/define-command"
. 
. Defining command \EncodingAccent with sig. 'mm' on line 3294.
.................................................
.................................................
. LaTeX info: "xparse/define-command"
. 
. Defining command \EncodingSymbol with sig. 'mm' on line 3300.
.................................................
.................................................
. LaTeX info: "xparse/define-command"
. 
. Defining command \EncodingComposite with sig. 'mmm' on line 3306.
.................................................
.................................................
. LaTeX info: "xparse/define-command"
. 
. Defining command \EncodingCompositeCommand with sig. 'mmm' on line 3312.
.................................................
.................................................
. LaTeX info: "xparse/define-command"
. 
. Defining command \DeclareUnicodeEncoding with sig. 'mm' on line 3337.
.................................................
.................................................
. LaTeX info: "xparse/define-command"
. 
. Defining command \UndeclareSymbol with sig. 'm' on line 3343.
.................................................
.................................................
. LaTeX info: "xparse/define-command"
. 
. Defining command \UndeclareComposite with sig. 'mm' on line 3351.
.................................................
("C:\Program Files\MiKTeX 2.9\tex\latex\fontspec\fontspec.cfg")
LaTeX Info: Redefining \itshape on input line 3531.
LaTeX Info: Redefining \slshape on input line 3536.
LaTeX Info: Redefining \scshape on input line 3541.
LaTeX Info: Redefining \upshape on input line 3546.
LaTeX Info: Redefining \em on input line 3566.
LaTeX Info: Redefining \emph on input line 3583.
LaTeX Info: Redefining \- on input line 3590.
.................................................
. LaTeX info: "xparse/redefine-command"
. 
. Redefining command \oldstylenums with sig. 'm' on line 3685.
.................................................
.................................................
. LaTeX info: "xparse/define-command"
. 
. Defining command \liningnums with sig. 'm' on line 3689.
.................................................
)) ("C:\Program Files\MiKTeX 2.9\tex\latex\xkeyval\xkeyval.sty"
Package: xkeyval 2014/12/03 v2.7a package option processing (HA)
("C:\Program Files\MiKTeX 2.9\tex\generic\xkeyval\xkeyval.tex" ("C:\Program Fil
es\MiKTeX 2.9\tex\generic\xkeyval\xkvutils.tex"
\XKV@toks=\toks20
\XKV@tempa@toks=\toks21
("C:\Program Files\MiKTeX 2.9\tex\generic\xkeyval\keyval.tex"))
\XKV@depth=\count190
File: xkeyval.tex 2014/12/03 v2.7a key=value parser (HA)
))
\c@eu@=\count191
\c@eu@i=\count192
\c@mkern=\count193
) ("C:\Program Files\MiKTeX 2.9\tex\latex\upquote\upquote.sty"
Package: upquote 2012/04/19 v1.3 upright-quote and grave-accent glyphs in verba
tim
("C:\Program Files\MiKTeX 2.9\tex\latex\base\textcomp.sty"
Package: textcomp 2017/01/24 v2.0c Standard LaTeX package
Package textcomp Info: Sub-encoding information:
(textcomp)               5 = only ISO-Adobe without \textcurrency
(textcomp)               4 = 5 + \texteuro
(textcomp)               3 = 4 + \textohm
(textcomp)               2 = 3 + \textestimated + \textcurrency
(textcomp)               1 = TS1 - \textcircled - \t
(textcomp)               0 = TS1 (full)
(textcomp)             Font families with sub-encoding setting implement
(textcomp)             only a restricted character set as indicated.
(textcomp)             Family '?' is the default used for unknown fonts.
(textcomp)             See the documentation for details.
Package textcomp Info: Setting ? sub-encoding to TS1/1 on input line 79.
("C:\Program Files\MiKTeX 2.9\tex\latex\base\ts1enc.def"
File: ts1enc.def 2001/06/05 v3.0e (jk/car/fm) Standard LaTeX file
)
LaTeX Info: Redefining \oldstylenums on input line 334.
Package textcomp Info: Setting cmr sub-encoding to TS1/0 on input line 349.
Package textcomp Info: Setting cmss sub-encoding to TS1/0 on input line 350.
Package textcomp Info: Setting cmtt sub-encoding to TS1/0 on input line 351.
Package textcomp Info: Setting cmvtt sub-encoding to TS1/0 on input line 352.
Package textcomp Info: Setting cmbr sub-encoding to TS1/0 on input line 353.
Package textcomp Info: Setting cmtl sub-encoding to TS1/0 on input line 354.
Package textcomp Info: Setting ccr sub-encoding to TS1/0 on input line 355.
Package textcomp Info: Setting ptm sub-encoding to TS1/4 on input line 356.
Package textcomp Info: Setting pcr sub-encoding to TS1/4 on input line 357.
Package textcomp Info: Setting phv sub-encoding to TS1/4 on input line 358.
Package textcomp Info: Setting ppl sub-encoding to TS1/3 on input line 359.
Package textcomp Info: Setting pag sub-encoding to TS1/4 on input line 360.
Package textcomp Info: Setting pbk sub-encoding to TS1/4 on input line 361.
Package textcomp Info: Setting pnc sub-encoding to TS1/4 on input line 362.
Package textcomp Info: Setting pzc sub-encoding to TS1/4 on input line 363.
Package textcomp Info: Setting bch sub-encoding to TS1/4 on input line 364.
Package textcomp Info: Setting put sub-encoding to TS1/5 on input line 365.
Package textcomp Info: Setting uag sub-encoding to TS1/5 on input line 366.
Package textcomp Info: Setting ugq sub-encoding to TS1/5 on input line 367.
Package textcomp Info: Setting ul8 sub-encoding to TS1/4 on input line 368.
Package textcomp Info: Setting ul9 sub-encoding to TS1/4 on input line 369.
Package textcomp Info: Setting augie sub-encoding to TS1/5 on input line 370.
Package textcomp Info: Setting dayrom sub-encoding to TS1/3 on input line 371.
Package textcomp Info: Setting dayroms sub-encoding to TS1/3 on input line 372.

Package textcomp Info: Setting pxr sub-encoding to TS1/0 on input line 373.
Package textcomp Info: Setting pxss sub-encoding to TS1/0 on input line 374.
Package textcomp Info: Setting pxtt sub-encoding to TS1/0 on input line 375.
Package textcomp Info: Setting txr sub-encoding to TS1/0 on input line 376.
Package textcomp Info: Setting txss sub-encoding to TS1/0 on input line 377.
Package textcomp Info: Setting txtt sub-encoding to TS1/0 on input line 378.
Package textcomp Info: Setting lmr sub-encoding to TS1/0 on input line 379.
Package textcomp Info: Setting lmdh sub-encoding to TS1/0 on input line 380.
Package textcomp Info: Setting lmss sub-encoding to TS1/0 on input line 381.
Package textcomp Info: Setting lmssq sub-encoding to TS1/0 on input line 382.
Package textcomp Info: Setting lmvtt sub-encoding to TS1/0 on input line 383.
Package textcomp Info: Setting lmtt sub-encoding to TS1/0 on input line 384.
Package textcomp Info: Setting qhv sub-encoding to TS1/0 on input line 385.
Package textcomp Info: Setting qag sub-encoding to TS1/0 on input line 386.
Package textcomp Info: Setting qbk sub-encoding to TS1/0 on input line 387.
Package textcomp Info: Setting qcr sub-encoding to TS1/0 on input line 388.
Package textcomp Info: Setting qcs sub-encoding to TS1/0 on input line 389.
Package textcomp Info: Setting qpl sub-encoding to TS1/0 on input line 390.
Package textcomp Info: Setting qtm sub-encoding to TS1/0 on input line 391.
Package textcomp Info: Setting qzc sub-encoding to TS1/0 on input line 392.
Package textcomp Info: Setting qhvc sub-encoding to TS1/0 on input line 393.
Package textcomp Info: Setting futs sub-encoding to TS1/4 on input line 394.
Package textcomp Info: Setting futx sub-encoding to TS1/4 on input line 395.
Package textcomp Info: Setting futj sub-encoding to TS1/4 on input line 396.
Package textcomp Info: Setting hlh sub-encoding to TS1/3 on input line 397.
Package textcomp Info: Setting hls sub-encoding to TS1/3 on input line 398.
Package textcomp Info: Setting hlst sub-encoding to TS1/3 on input line 399.
Package textcomp Info: Setting hlct sub-encoding to TS1/5 on input line 400.
Package textcomp Info: Setting hlx sub-encoding to TS1/5 on input line 401.
Package textcomp Info: Setting hlce sub-encoding to TS1/5 on input line 402.
Package textcomp Info: Setting hlcn sub-encoding to TS1/5 on input line 403.
Package textcomp Info: Setting hlcw sub-encoding to TS1/5 on input line 404.
Package textcomp Info: Setting hlcf sub-encoding to TS1/5 on input line 405.
Package textcomp Info: Setting pplx sub-encoding to TS1/3 on input line 406.
Package textcomp Info: Setting pplj sub-encoding to TS1/3 on input line 407.
Package textcomp Info: Setting ptmx sub-encoding to TS1/4 on input line 408.
Package textcomp Info: Setting ptmj sub-encoding to TS1/4 on input line 409.
)) ("C:\Program Files\MiKTeX 2.9\tex\latex\microtype\microtype.sty"
Package: microtype 2016/05/14 v2.6a Micro-typographical refinements (RS)
\MT@toks=\toks22
\MT@count=\count194
LaTeX Info: Redefining \textls on input line 774.
\MT@outer@kern=\dimen146
LaTeX Info: Redefining \textmicrotypecontext on input line 1310.
\MT@listname@count=\count195
("C:\Program Files\MiKTeX 2.9\tex\latex\microtype\microtype-xetex.def"
File: microtype-xetex.def 2016/05/14 v2.6a Definitions specific to xetex (RS)
LaTeX Info: Redefining \lsstyle on input line 255.
)
Package microtype Info: Loading configuration file microtype.cfg.
("C:\Program Files\MiKTeX 2.9\tex\latex\microtype\microtype.cfg"
File: microtype.cfg 2016/05/14 v2.6a microtype main configuration file (RS)
)) ("C:\Program Files\MiKTeX 2.9\tex\latex\geometry\geometry.sty"
Package: geometry 2010/09/12 v5.6 Page Geometry
("C:\Program Files\MiKTeX 2.9\tex\generic\oberdiek\ifpdf.sty"
Package: ifpdf 2016/05/14 v3.1 Provides the ifpdf switch
) ("C:\Program Files\MiKTeX 2.9\tex\generic\oberdiek\ifvtex.sty"
Package: ifvtex 2016/05/16 v1.6 Detect VTeX and its facilities (HO)
Package ifvtex Info: VTeX not detected.
)
\Gm@cnth=\count196
\Gm@cntv=\count197
\c@Gm@tempcnt=\count198
\Gm@bindingoffset=\dimen147
\Gm@wd@mp=\dimen148
\Gm@odd@mp=\dimen149
\Gm@even@mp=\dimen150
\Gm@layoutwidth=\dimen151
\Gm@layoutheight=\dimen152
\Gm@layouthoffset=\dimen153
\Gm@layoutvoffset=\dimen154
\Gm@dimlist=\toks23
("C:\Program Files\MiKTeX 2.9\tex\xelatex\xetexconfig\geometry.cfg")) ("C:\Prog
ram Files\MiKTeX 2.9\tex\latex\hyperref\hyperref.sty"
Package: hyperref 2016/06/24 v6.83q Hypertext links for LaTeX
("C:\Program Files\MiKTeX 2.9\tex\generic\oberdiek\hobsub-hyperref.sty"
Package: hobsub-hyperref 2016/05/16 v1.14 Bundle oberdiek, subset hyperref (HO)

("C:\Program Files\MiKTeX 2.9\tex\generic\oberdiek\hobsub-generic.sty"
Package: hobsub-generic 2016/05/16 v1.14 Bundle oberdiek, subset generic (HO)
Package: hobsub 2016/05/16 v1.14 Construct package bundles (HO)
Package: infwarerr 2016/05/16 v1.4 Providing info/warning/error messages (HO)
Package: ltxcmds 2016/05/16 v1.23 LaTeX kernel commands for general use (HO)
Package hobsub Info: Skipping package `ifluatex' (already loaded).
Package hobsub Info: Skipping package `ifvtex' (already loaded).
Package: intcalc 2016/05/16 v1.2 Expandable calculations with integers (HO)
Package hobsub Info: Skipping package `ifpdf' (already loaded).
Package: etexcmds 2016/05/16 v1.6 Avoid name clashes with e-TeX commands (HO)
Package etexcmds Info: Could not find \expanded.
(etexcmds)             That can mean that you are not using pdfTeX 1.50 or
(etexcmds)             that some package has redefined \expanded.
(etexcmds)             In the latter case, load this package earlier.
Package: kvsetkeys 2016/05/16 v1.17 Key value parser (HO)
Package: kvdefinekeys 2016/05/16 v1.4 Define keys (HO)
Package: pdftexcmds 2016/05/21 v0.22 Utility functions of pdfTeX for LuaTeX (HO
)
Package pdftexcmds Info: LuaTeX not detected.
Package pdftexcmds Info: pdfTeX >= 1.30 not detected.
Package pdftexcmds Info: \pdf@primitive is available.
Package pdftexcmds Info: \pdf@ifprimitive is available.
Package pdftexcmds Info: \pdfdraftmode not found.
Package: pdfescape 2016/05/16 v1.14 Implements pdfTeX's escape features (HO)
Package: bigintcalc 2016/05/16 v1.4 Expandable calculations on big integers (HO
)
Package: bitset 2016/05/16 v1.2 Handle bit-vector datatype (HO)
Package: uniquecounter 2016/05/16 v1.3 Provide unlimited unique counter (HO)
)
Package hobsub Info: Skipping package `hobsub' (already loaded).
Package: letltxmacro 2016/05/16 v1.5 Let assignment for LaTeX macros (HO)
Package: hopatch 2016/05/16 v1.3 Wrapper for package hooks (HO)
Package: xcolor-patch 2016/05/16 xcolor patch
Package: atveryend 2016/05/16 v1.9 Hooks at the very end of document (HO)
Package: atbegshi 2016/06/09 v1.18 At begin shipout hook (HO)
Package: refcount 2016/05/16 v3.5 Data extraction from label references (HO)
Package: hycolor 2016/05/16 v1.8 Color options for hyperref/bookmark (HO)
) ("C:\Program Files\MiKTeX 2.9\tex\latex\oberdiek\auxhook.sty"
Package: auxhook 2016/05/16 v1.4 Hooks for auxiliary files (HO)
) ("C:\Program Files\MiKTeX 2.9\tex\latex\oberdiek\kvoptions.sty"
Package: kvoptions 2016/05/16 v3.12 Key value format for package options (HO)
)
\@linkdim=\dimen155
\Hy@linkcounter=\count199
\Hy@pagecounter=\count266
("C:\Program Files\MiKTeX 2.9\tex\latex\hyperref\pd1enc.def"
File: pd1enc.def 2016/06/24 v6.83q Hyperref: PDFDocEncoding definition (HO)
)
\Hy@SavedSpaceFactor=\count267
("C:\Program Files\MiKTeX 2.9\tex\latex\00miktex\hyperref.cfg"
File: hyperref.cfg 2002/06/06 v1.2 hyperref configuration of TeXLive
)
Package hyperref Info: Hyper figures OFF on input line 4486.
Package hyperref Info: Link nesting OFF on input line 4491.
Package hyperref Info: Hyper index ON on input line 4494.
Package hyperref Info: Plain pages OFF on input line 4501.
Package hyperref Info: Backreferencing OFF on input line 4506.
Package hyperref Info: Implicit mode ON; LaTeX internals redefined.
Package hyperref Info: Bookmarks ON on input line 4735.
\c@Hy@tempcnt=\count268
("C:\Program Files\MiKTeX 2.9\tex\latex\url\url.sty"
\Urlmuskip=\muskip17
Package: url 2013/09/16  ver 3.4  Verb mode for urls, etc.
)
LaTeX Info: Redefining \url on input line 5088.
\XeTeXLinkMargin=\dimen156
\Fld@menulength=\count269
\Field@Width=\dimen157
\Fld@charsize=\dimen158
Package hyperref Info: Hyper figures OFF on input line 6342.
Package hyperref Info: Link nesting OFF on input line 6347.
Package hyperref Info: Hyper index ON on input line 6350.
Package hyperref Info: backreferencing OFF on input line 6357.
Package hyperref Info: Link coloring OFF on input line 6362.
Package hyperref Info: Link coloring with OCG OFF on input line 6367.
Package hyperref Info: PDF/A mode OFF on input line 6372.
LaTeX Info: Redefining \ref on input line 6412.
LaTeX Info: Redefining \pageref on input line 6416.
\Hy@abspage=\count270
\c@Item=\count271
\c@Hfootnote=\count272
)

Package hyperref Message: Driver (autodetected): hxetex.

("C:\Program Files\MiKTeX 2.9\tex\latex\hyperref\hxetex.def"
File: hxetex.def 2016/06/24 v6.83q Hyperref driver for XeTeX
("C:\Program Files\MiKTeX 2.9\tex\latex\hyperref\puenc.def"
File: puenc.def 2016/06/24 v6.83q Hyperref: PDF Unicode definition (HO)
) ("C:\Program Files\MiKTeX 2.9\tex\generic\oberdiek\stringenc.sty"
Package: stringenc 2016/05/16 v1.11 Convert strings between diff. encodings (HO
)
)
\pdfm@box=\box44
\c@Hy@AnnotLevel=\count273
\HyField@AnnotCount=\count274
\Fld@listcount=\count275
\c@bookmark@seq@number=\count276
("C:\Program Files\MiKTeX 2.9\tex\latex\oberdiek\rerunfilecheck.sty"
Package: rerunfilecheck 2016/05/16 v1.8 Rerun checks for auxiliary files (HO)
Package rerunfilecheck Info: Feature \pdfmdfivesum is not available
(rerunfilecheck)             (e.g. pdfTeX or LuaTeX with package `pdftexcmds').

(rerunfilecheck)             Therefore file contents cannot be checked efficien
tly
(rerunfilecheck)             and the loading of the package is aborted.
)
\Hy@SectionHShift=\skip52
)
Package hyperref Info: Option `unicode' set `true' on input line 30.
("C:\Program Files\MiKTeX 2.9\tex\generic\oberdiek\se-ascii-print.def"
File: se-ascii-print.def 2016/05/16 v1.11 stringenc: Printable ASCII characters

)
Package hyperref Info: Option `breaklinks' set `true' on input line 30.
("C:\Program Files\MiKTeX 2.9\tex\latex\natbib\natbib.sty"
Package: natbib 2010/09/13 8.31b (PWD, AO)
\bibhang=\skip53
\bibsep=\skip54
LaTeX Info: Redefining \cite on input line 694.
\c@NAT@ctr=\count277
) ("C:\Program Files\MiKTeX 2.9\tex\latex\graphics\color.sty"
Package: color 2016/07/10 v1.1e Standard LaTeX Color (DPC)
("C:\Program Files\MiKTeX 2.9\tex\latex\graphics-cfg\color.cfg"
File: color.cfg 2016/01/02 v1.6 sample color configuration
)
Package color Info: Driver file: xetex.def on input line 147.
("C:\Program Files\MiKTeX 2.9\tex\latex\graphics-def\xetex.def"
File: xetex.def 2016/07/11 v4.10 LaTeX color/graphics driver for XeTeX (L3/RRM/
JK)
)) ("C:\Program Files\MiKTeX 2.9\tex\latex\fancyvrb\fancyvrb.sty"
Package: fancyvrb 2008/02/07

Style option: `fancyvrb' v2.7a, with DG/SPQR fixes, and firstline=lastline fix 
<2008/02/07> (tvz)
\FV@CodeLineNo=\count278
\FV@InFile=\read2
\FV@TabBox=\box45
\c@FancyVerbLine=\count279
\FV@StepNumber=\count280
\FV@OutFile=\write3
) ("C:\Program Files\MiKTeX 2.9\tex\latex\framed\framed.sty"
Package: framed 2011/10/22 v 0.96: framed or shaded text with page breaks
\OuterFrameSep=\skip55
\fb@frw=\dimen159
\fb@frh=\dimen160
\FrameRule=\dimen161
\FrameSep=\dimen162
) ("C:\Program Files\MiKTeX 2.9\tex\latex\tools\longtable.sty"
Package: longtable 2014/10/28 v4.11 Multi-page Table package (DPC)
\LTleft=\skip56
\LTright=\skip57
\LTpre=\skip58
\LTpost=\skip59
\LTchunksize=\count281
\LTcapwidth=\dimen163
\LT@head=\box46
\LT@firsthead=\box47
\LT@foot=\box48
\LT@lastfoot=\box49
\LT@cols=\count282
\LT@rows=\count283
\c@LT@tables=\count284
\c@LT@chunks=\count285
\LT@p@ftn=\toks24
) ("C:\Program Files\MiKTeX 2.9\tex\latex\booktabs\booktabs.sty"
Package: booktabs 2005/04/14 v1.61803 publication quality tables
\heavyrulewidth=\dimen164
\lightrulewidth=\dimen165
\cmidrulewidth=\dimen166
\belowrulesep=\dimen167
\belowbottomsep=\dimen168
\aboverulesep=\dimen169
\abovetopsep=\dimen170
\cmidrulesep=\dimen171
\cmidrulekern=\dimen172
\defaultaddspace=\dimen173
\@cmidla=\count286
\@cmidlb=\count287
\@aboverulesep=\dimen174
\@belowrulesep=\dimen175
\@thisruleclass=\count288
\@lastruleclass=\count289
\@thisrulewidth=\dimen176
) ("C:\Program Files\MiKTeX 2.9\tex\latex\graphics\graphicx.sty"
Package: graphicx 2014/10/28 v1.0g Enhanced LaTeX Graphics (DPC,SPQR)
("C:\Program Files\MiKTeX 2.9\tex\latex\graphics\graphics.sty"
Package: graphics 2016/10/09 v1.0u Standard LaTeX Graphics (DPC,SPQR)
("C:\Program Files\MiKTeX 2.9\tex\latex\graphics\trig.sty"
Package: trig 2016/01/03 v1.10 sin cos tan (DPC)
) ("C:\Program Files\MiKTeX 2.9\tex\latex\graphics-cfg\graphics.cfg"
File: graphics.cfg 2016/06/04 v1.11 sample graphics configuration
)
Package graphics Info: Driver file: xetex.def on input line 99.
)
\Gin@req@height=\dimen177
\Gin@req@width=\dimen178
) ("C:\Program Files\MiKTeX 2.9\tex\latex\oberdiek\grffile.sty"
Package: grffile 2016/05/16 v1.17 Extended file name support for graphics (HO)
Package grffile Info: \Gread@QTm patched on input line 253.
Package grffile Info: \Gread@eps patched on input line 303.
Package grffile Info: Option `multidot' is set to `true'.
Package grffile Info: Option `extendedchars' is set to `false'.
Package grffile Info: Option `space' is set to `true'.
Package grffile Info: \Gin@ii of package `graphicx' fixed on input line 486.
) ("C:\Program Files\MiKTeX 2.9\tex\latex\ltxmisc\parskip.sty"
Package: parskip 2001/04/09 non-zero parskip adjustments
) ("C:\Program Files\MiKTeX 2.9\tex\latex\titling\titling.sty"
Package: titling 2009/09/04 v2.1d maketitle typesetting
\thanksmarkwidth=\skip60
\thanksmargin=\skip61
\droptitle=\skip62
) ("C:\Program Files\MiKTeX 2.9\tex\latex\amscls\amsthm.sty"
Package: amsthm 2015/03/04 v2.20.2
\thm@style=\toks25
\thm@bodyfont=\toks26
\thm@headfont=\toks27
\thm@notefont=\toks28
\thm@headpunct=\toks29
\thm@preskip=\skip63
\thm@postskip=\skip64
\thm@headsep=\skip65
\dth@everypar=\toks30
)
\c@theorem=\count290
\c@lemma=\count291
\c@definition=\count292
\c@corollary=\count293
\c@proposition=\count294
\c@example=\count295
\c@exercise=\count296
(LossDataAnalytics.aux)
\openout1 = `LossDataAnalytics.aux'.

LaTeX Font Info:    Checking defaults for OML/cmm/m/it on input line 146.
LaTeX Font Info:    ... okay on input line 146.
LaTeX Font Info:    Checking defaults for T1/cmr/m/n on input line 146.
LaTeX Font Info:    ... okay on input line 146.
LaTeX Font Info:    Checking defaults for OT1/cmr/m/n on input line 146.
LaTeX Font Info:    ... okay on input line 146.
LaTeX Font Info:    Checking defaults for OMS/cmsy/m/n on input line 146.
LaTeX Font Info:    ... okay on input line 146.
LaTeX Font Info:    Checking defaults for TU/lmr/m/n on input line 146.
LaTeX Font Info:    ... okay on input line 146.
LaTeX Font Info:    Checking defaults for OMX/cmex/m/n on input line 146.
LaTeX Font Info:    ... okay on input line 146.
LaTeX Font Info:    Checking defaults for U/cmr/m/n on input line 146.
LaTeX Font Info:    ... okay on input line 146.
LaTeX Font Info:    Checking defaults for TS1/cmr/m/n on input line 146.
LaTeX Font Info:    Try loading font information for TS1+cmr on input line 146.

("C:\Program Files\MiKTeX 2.9\tex\latex\base\ts1cmr.fd"
File: ts1cmr.fd 2014/09/29 v2.5h Standard LaTeX font definitions
)
LaTeX Font Info:    ... okay on input line 146.
LaTeX Font Info:    Checking defaults for PD1/pdf/m/n on input line 146.
LaTeX Font Info:    ... okay on input line 146.
LaTeX Font Info:    Checking defaults for PU/pdf/m/n on input line 146.
LaTeX Font Info:    ... okay on input line 146.
LaTeX Info: Redefining \microtypecontext on input line 146.
Package microtype Info: Character protrusion enabled (level 2).
Package microtype Info: Using protrusion set `basicmath'.
Package microtype Info: No adjustment of tracking.
Package microtype Info: No adjustment of spacing.
Package microtype Info: No adjustment of kerning.
("C:\Program Files\MiKTeX 2.9\tex\latex\microtype\mt-LatinModernRoman.cfg"
File: mt-LatinModernRoman.cfg 2013/03/13 v1.0 microtype config. file: Latin Mod
ern Roman (RS)
)
*geometry* detected driver: pdftex
*geometry* verbose mode - [ preamble ] result:
* driver: pdftex
* paper: <default>
* layout: <same size as paper>
* layoutoffset:(h,v)=(0.0pt,0.0pt)
* modes: twoside 
* h-part:(L,W,R)=(72.26999pt, 469.75502pt, 72.26999pt)
* v-part:(T,H,B)=(72.26999pt, 650.43001pt, 72.26999pt)
* \paperwidth=614.295pt
* \paperheight=794.96999pt
* \textwidth=469.75502pt
* \textheight=650.43001pt
* \oddsidemargin=0.0pt
* \evensidemargin=0.0pt
* \topmargin=-30.06749pt
* \headheight=12.0pt
* \headsep=18.06749pt
* \topskip=10.0pt
* \footskip=25.29494pt
* \marginparwidth=125.0pt
* \marginparsep=7.0pt
* \columnsep=10.0pt
* \skip\footins=9.0pt plus 4.0pt minus 2.0pt
* \hoffset=0.0pt
* \voffset=0.0pt
* \mag=1000
* \@twocolumnfalse
* \@twosidetrue
* \@mparswitchtrue
* \@reversemarginfalse
* (1in=72.27pt=25.4mm, 1cm=28.453pt)

\AtBeginShipoutBox=\box50
Package hyperref Info: Link coloring OFF on input line 146.
("C:\Program Files\MiKTeX 2.9\tex\latex\hyperref\nameref.sty"
Package: nameref 2016/05/21 v2.44 Cross-referencing by name of section
("C:\Program Files\MiKTeX 2.9\tex\generic\oberdiek\gettitlestring.sty"
Package: gettitlestring 2016/05/16 v1.5 Cleanup title references (HO)
)
\c@section@level=\count297
)
LaTeX Info: Redefining \ref on input line 146.
LaTeX Info: Redefining \pageref on input line 146.
LaTeX Info: Redefining \nameref on input line 146.
(LossDataAnalytics.out) (LossDataAnalytics.out)
\@outlinefile=\write4
\openout4 = `LossDataAnalytics.out'.

[1


] [2

] (LossDataAnalytics.toc
LaTeX Font Info:    Try loading font information for OT1+lmr on input line 10.
("C:\Program Files\MiKTeX 2.9\tex\latex\lm\ot1lmr.fd"
File: ot1lmr.fd 2009/10/30 v1.6 Font defs for Latin Modern
)
Package microtype Info: Loading generic settings for font family
(microtype)             `lmr' (encoding: OT1).
(microtype)             For optimal results, create family-specific settings.
(microtype)             See the microtype manual for details.
LaTeX Font Info:    Try loading font information for OML+lmm on input line 10.
("C:\Program Files\MiKTeX 2.9\tex\latex\lm\omllmm.fd"
File: omllmm.fd 2009/10/30 v1.6 Font defs for Latin Modern
)
LaTeX Font Info:    Try loading font information for OMS+lmsy on input line 10.

("C:\Program Files\MiKTeX 2.9\tex\latex\lm\omslmsy.fd"
File: omslmsy.fd 2009/10/30 v1.6 Font defs for Latin Modern
)
LaTeX Font Info:    Try loading font information for OMX+lmex on input line 10.

("C:\Program Files\MiKTeX 2.9\tex\latex\lm\omxlmex.fd"
File: omxlmex.fd 2009/10/30 v1.6 Font defs for Latin Modern
)
LaTeX Font Info:    External font `lmex10' loaded for size
(Font)              <10> on input line 10.
LaTeX Font Info:    External font `lmex10' loaded for size
(Font)              <7> on input line 10.
LaTeX Font Info:    External font `lmex10' loaded for size
(Font)              <5> on input line 10.
LaTeX Font Info:    Try loading font information for U+msa on input line 10.
("C:\Program Files\MiKTeX 2.9\tex\latex\amsfonts\umsa.fd"
File: umsa.fd 2013/01/14 v3.01 AMS symbols A
) ("C:\Program Files\MiKTeX 2.9\tex\latex\microtype\mt-msa.cfg"
File: mt-msa.cfg 2006/02/04 v1.1 microtype config. file: AMS symbols (a) (RS)
)
LaTeX Font Info:    Try loading font information for U+msb on input line 10.
("C:\Program Files\MiKTeX 2.9\tex\latex\amsfonts\umsb.fd"
File: umsb.fd 2013/01/14 v3.01 AMS symbols B
) ("C:\Program Files\MiKTeX 2.9\tex\latex\microtype\mt-msb.cfg"
File: mt-msb.cfg 2005/06/01 v1.0 microtype config. file: AMS symbols (b) (RS)
) [3] [4] [5])
\tf@toc=\write5
\openout5 = `LossDataAnalytics.toc'.

[6] [7

] [8] [9

] [10

] [11] [12

]
Chapter 1.
[13] [14]
File: LossDataAnalytics_files/figure-latex/StochOperations-1.pdf Graphic file (
type QTm)
<use  "LossDataAnalytics_files/figure-latex/StochOperations-1.pdf" > [15]
Overfull \hbox (0.435pt too wide) in paragraph at lines 545--558
[]\TU/lmr/bx/n/10 Solvency and Capital Allocation\TU/lmr/m/n/10 . Deciding on t
he requisite amount of capital and ways of allocating
 []

[16] [17] [18] [19]
Overfull \hbox (2.74498pt too wide) in paragraph at lines 898--898
[]\TU/lmtt/m/n/10 Insample <- read.csv("Insample.csv", header=T,  na.strings=c(
"."), stringsAsFactors=FALSE)[] 
 []

[20]
File: LossDataAnalytics_files/figure-latex/SeverityFig-1.pdf Graphic file (type
 QTm)
<use  "LossDataAnalytics_files/figure-latex/SeverityFig-1.pdf" >
Overfull \hbox (86.74498pt too wide) in paragraph at lines 999--999
[]\TU/lmtt/m/n/10 Insample <- read.csv("Data/PropertyFundInsample.csv", header=
T, na.strings=c("."), stringsAsFactors=FALSE)[] 
 []

[21]
Overfull \hbox (86.74498pt too wide) in paragraph at lines 1145--1145
[]\TU/lmtt/m/n/10 Insample <- read.csv("Data/PropertyFundInsample.csv", header=
T, na.strings=c("."), stringsAsFactors=FALSE)[] 
 []


Overfull \hbox (81.49498pt too wide) in paragraph at lines 1145--1145
[]\TU/lmtt/m/n/10 names(Table1In) <- c("Year", "Average Frequency","Average Sev
erity", "Average","Number of Policyholders")[] 
 []

[22]
Overfull \hbox (86.74498pt too wide) in paragraph at lines 1256--1256
[]\TU/lmtt/m/n/10 Insample <- read.csv("Data/PropertyFundInsample.csv", header=
T, na.strings=c("."), stringsAsFactors=FALSE)[] 
 []

LaTeX Font Info:    Try loading font information for TS1+lmtt on input line 125
6.
("C:\Program Files\MiKTeX 2.9\tex\latex\lm\ts1lmtt.fd"
File: ts1lmtt.fd 2009/10/30 v1.6 Font defs for Latin Modern
)
LaTeX Font Info:    Try loading font information for OT1+lmtt on input line 126
6.
("C:\Program Files\MiKTeX 2.9\tex\latex\lm\ot1lmtt.fd"
File: ot1lmtt.fd 2009/10/30 v1.6 Font defs for Latin Modern
)

LaTeX Font Warning: Command \small invalid in math mode on input line 1276.

LaTeX Font Info:    External font `lmex10' loaded for size
(Font)              <9> on input line 1277.
LaTeX Font Info:    External font `lmex10' loaded for size
(Font)              <6> on input line 1277.
[23] [24] [25]
Overfull \hbox (39.49498pt too wide) in paragraph at lines 1831--1831
[]\TU/lmtt/m/n/10 AlarmC <- 1*(Insample$AC00==1) + 2*(Insample$AC05==1)+ 3*(Ins
ample$AC10==1)+ 4*(Insample$AC15==1)[] 
 []

[26] [27] [28]
Chapter 2.
[29

] [30]

Package amsmath Warning: Foreign command \atopwithdelims;
(amsmath)                \frac or \genfrac should be used instead
(amsmath)                 on input line 2190.

[31] [32] [33] [34] [35] [36]
Underfull \vbox (badness 10000) has occurred while \output is active []

[37] [38]
Underfull \vbox (badness 10000) detected at line 2775
 []

[39]
LaTeX Font Info:    Font shape `TU/lmtt/bx/n' in size <10> not available
(Font)              Font shape `TU/lmtt/b/n' tried instead on input line 2792.
[40] [41] [42]
Chapter 3.
[43

]
Overfull \hbox (6.79086pt too wide) detected at line 3050
[] \OT1/lmr/m/n/10 = [] = [][]  = [] = [] = 1
 []

[44] [45]
File: LossDataAnalytics_files/figure-latex/gammascale-1.pdf Graphic file (type 
QTm)
<use  "LossDataAnalytics_files/figure-latex/gammascale-1.pdf" >
File: LossDataAnalytics_files/figure-latex/gammashape-1.pdf Graphic file (type 
QTm)
<use  "LossDataAnalytics_files/figure-latex/gammashape-1.pdf" >
Overfull \hbox (7.99498pt too wide) in paragraph at lines 3214--3214
[]\TU/lmtt/m/n/10 legend("topright", c("scale=100", "scale=150", "scale=200", "
scale=250"), lty=1, col = 1:4)[] 
 []

[46] [47]
File: LossDataAnalytics_files/figure-latex/Paretoscale-1.pdf Graphic file (type
 QTm)
<use  "LossDataAnalytics_files/figure-latex/Paretoscale-1.pdf" >
File: LossDataAnalytics_files/figure-latex/Paretoshape-1.pdf Graphic file (type
 QTm)
<use  "LossDataAnalytics_files/figure-latex/Paretoshape-1.pdf" >
Overfull \hbox (28.99498pt too wide) in paragraph at lines 3309--3309
[]\TU/lmtt/m/n/10 legend("topright", c("scale=2000", "scale=2500", "scale=3000"
, "scale=3500"), lty=1, col = 1:4)[] 
 []

[48] [49]
File: LossDataAnalytics_files/figure-latex/Weibullscale-1.pdf Graphic file (typ
e QTm)
<use  "LossDataAnalytics_files/figure-latex/Weibullscale-1.pdf" > [50]
File: LossDataAnalytics_files/figure-latex/Weibullshape-1.pdf Graphic file (typ
e QTm)
<use  "LossDataAnalytics_files/figure-latex/Weibullshape-1.pdf" >
Overfull \hbox (13.24498pt too wide) in paragraph at lines 3398--3398
[]\TU/lmtt/m/n/10 plot(z, dweibull(z, shape = 3, scale = scaleparam[1]), type =
 "l", ylab = "Weibull density")[] 
 []


Overfull \hbox (2.74498pt too wide) in paragraph at lines 3398--3398
[]\TU/lmtt/m/n/10 legend("topright", c("scale=50", "scale=100", "scale=150", "s
cale=200"), lty=1, col = 1:4)[] 
 []


Overfull \hbox (112.99498pt too wide) in paragraph at lines 3398--3398
[]\TU/lmtt/m/n/10 plot(z, dweibull(z, shape = shapeparam[1], scale = 100), ylim
=c(0,0.012), type = "l", ylab = "Weibull density")[] 
 []

[51] [52] [53]
Overfull \hbox (24.363pt too wide) detected at line 3552
\OML/lmm/m/it/10 f[] [] \OT1/lmr/m/n/10 = []\OML/lmm/m/it/10 f[] [] []  \OT1/lm
r/m/n/10 = [][] [] [] []  = [] [] [] \OML/lmm/m/it/10 :
 []

[54] [55] [56] [57] [58]
File: Figures/Fig3Exer.png Graphic file (type QTm)
<use  "Figures/Fig3Exer.png" > [59] [60] [61] [62] [63]
Overfull \hbox (79.53444pt too wide) detected at line 4080
\OML/lmm/m/it/10 E [] \OT1/lmr/m/n/10 = \OML/lmm/m/it/10 ^^K[] [][] [] []  [] ;

 []

[64] [65] [66] [67] [68] [69]

LaTeX Font Warning: Command \small invalid in math mode on input line 4471.

[70] [71] [72] [73] [74]
Chapter 4.
[75

] [76]
File: LossDataAnalytics_files/figure-latex/EDFToy-1.pdf Graphic file (type QTm)

<use  "LossDataAnalytics_files/figure-latex/EDFToy-1.pdf" > [77]
File: LossDataAnalytics_files/figure-latex/Quantile1-1.pdf Graphic file (type Q
Tm)
<use  "LossDataAnalytics_files/figure-latex/Quantile1-1.pdf" >
File: LossDataAnalytics_files/figure-latex/Quantile2-1.pdf Graphic file (type Q
Tm)
<use  "LossDataAnalytics_files/figure-latex/Quantile2-1.pdf" > [78] [79] [80]
File: LossDataAnalytics_files/figure-latex/Density2-1.pdf Graphic file (type QT
m)
<use  "LossDataAnalytics_files/figure-latex/Density2-1.pdf" >
Overfull \hbox (70.99498pt too wide) in paragraph at lines 5107--5107
[]\TU/lmtt/m/n/10 hist(log(ClaimData$Claim), main="", ylim=c(0,.35),xlab="Log E
xpenditures", freq=FALSE, col="lightgray")[] 
 []

[81]
File: LossDataAnalytics_files/figure-latex/ComparisonCDFPDF-1.pdf Graphic file 
(type QTm)
<use  "LossDataAnalytics_files/figure-latex/ComparisonCDFPDF-1.pdf" > [82]
File: LossDataAnalytics_files/figure-latex/PPPlot-1.pdf Graphic file (type QTm)

<use  "LossDataAnalytics_files/figure-latex/PPPlot-1.pdf" >
File: LossDataAnalytics_files/figure-latex/QQPlot-1.pdf Graphic file (type QTm)

<use  "LossDataAnalytics_files/figure-latex/QQPlot-1.pdf" >
File: LossDataAnalytics_files/figure-latex/unnamed-chunk-4-1.pdf Graphic file (
type QTm)
<use  "LossDataAnalytics_files/figure-latex/unnamed-chunk-4-1.pdf" > [83]
Overfull \hbox (276.54037pt too wide) detected at line 5335
[][] [][] []\OML/lmm/m/it/10 F[][]F\OT1/lmr/m/n/10 (\OML/lmm/m/it/10 x[]\OT1/lm
r/m/n/10 )\OML/lmm/m/it/10 :
 []


Underfull \vbox (badness 3514) has occurred while \output is active []

[84] [85] [86] [87] [88]
File: Figures/F5Iterative.png Graphic file (type QTm)
<use  "Figures/F5Iterative.png" > [89] [90]
File: Figures/F5ModelValidation.png Graphic file (type QTm)
<use  "Figures/F5ModelValidation.png" >

Package natbib Warning: Citation `lorenz1905methods' on page 91 undefined on in
put line 5730.

[91]
File: LossDataAnalytics_files/figure-latex/ClassicLorenz-1.pdf Graphic file (ty
pe QTm)
<use  "LossDataAnalytics_files/figure-latex/ClassicLorenz-1.pdf" > [92]
File: LossDataAnalytics_files/figure-latex/LorenzVsOrdered-1.pdf Graphic file (
type QTm)
<use  "LossDataAnalytics_files/figure-latex/LorenzVsOrdered-1.pdf" > [93]
File: LossDataAnalytics_files/figure-latex/unnamed-chunk-7-1.pdf Graphic file (
type QTm)
<use  "LossDataAnalytics_files/figure-latex/unnamed-chunk-7-1.pdf" > [94]

Package natbib Warning: Citation `frees2011summarizing' on page 95 undefined on
 input line 5990.


Package natbib Warning: Citation `frees2014insurance' on page 95 undefined on i
nput line 5990.

[95] [96]
File: LossDataAnalytics_files/figure-latex/CensorTrunc-1.pdf Graphic file (type
 QTm)
<use  "LossDataAnalytics_files/figure-latex/CensorTrunc-1.pdf" > [97]
File: LossDataAnalytics_files/figure-latex/Mortality-1.pdf Graphic file (type Q
Tm)
<use  "LossDataAnalytics_files/figure-latex/Mortality-1.pdf" >
Overfull \vbox (226.96419pt too high) has occurred while \output is active []

[98] [99] [100] [101]

Package natbib Warning: Citation `kaplan1958' on page 102 undefined on input li
ne 6525.

[102]

Package natbib Warning: Citation `kaplan1958' on page 103 undefined on input li
ne 6549.

[103]

Package natbib Warning: Citation `greenwood1926' on page 104 undefined on input
 line 6637.


Package natbib Warning: Citation `aalen1978' on page 104 undefined on input lin
e 6659.

[104] [105] [106] [107] [108] [109] [110] [111] [112]
Chapter 5.
[113

] [114

]
Chapter 6.
[115] [116]
File: LossDataAnalytics_files/figure-latex/InverseDF-1.pdf Graphic file (type Q
Tm)
<use  "LossDataAnalytics_files/figure-latex/InverseDF-1.pdf" >
Underfull \vbox (badness 10000) detected at line 7437
 []


Overfull \vbox (10.24666pt too high) has occurred while \output is active []

[117]
File: LossDataAnalytics_files/figure-latex/BinaryDF-1.pdf Graphic file (type QT
m)
<use  "LossDataAnalytics_files/figure-latex/BinaryDF-1.pdf" > [118]
Underfull \vbox (badness 10000) detected at line 7495
 []


Underfull \vbox (badness 10000) detected at line 7507
 []

File: LossDataAnalytics_files/figure-latex/DiscreteDF-1.pdf Graphic file (type 
QTm)
<use  "LossDataAnalytics_files/figure-latex/DiscreteDF-1.pdf" >
Overfull \vbox (189.03719pt too high) has occurred while \output is active []

[119]
File: LossDataAnalytics_files/figure-latex/MixedDF-1.pdf Graphic file (type QTm
)
<use  "LossDataAnalytics_files/figure-latex/MixedDF-1.pdf" > [120] [121] [122

]
Chapter 7.
[123] [124

]
Chapter 8.
[125] [126]
Chapter 9.
[127

] [128

]
Chapter 10.

Package hyperref Warning: Difference (2) between bookmark levels is greater 
(hyperref)                than one, level fixed on input line 7723.

[129] [130] [131] [132] [133] [134]
Underfull \vbox (badness 5036) has occurred while \output is active []

[135] [136]
File: LossDataAnalytics_files/figure-latex/unnamed-chunk-9-1.pdf Graphic file (
type QTm)
<use  "LossDataAnalytics_files/figure-latex/unnamed-chunk-9-1.pdf" > [137] [138
]
File: LossDataAnalytics_files/figure-latex/unnamed-chunk-11-1.pdf Graphic file 
(type QTm)
<use  "LossDataAnalytics_files/figure-latex/unnamed-chunk-11-1.pdf" >
Underfull \vbox (badness 10000) has occurred while \output is active []

[139] [140] [141] [142]
File: LossDataAnalytics_files/figure-latex/unnamed-chunk-12-1.pdf Graphic file 
(type QTm)
<use  "LossDataAnalytics_files/figure-latex/unnamed-chunk-12-1.pdf" > [143] [14
4] [145]
File: LossDataAnalytics_files/figure-latex/unnamed-chunk-18-1.pdf Graphic file 
(type QTm)
<use  "LossDataAnalytics_files/figure-latex/unnamed-chunk-18-1.pdf" >
Underfull \vbox (badness 3009) has occurred while \output is active []

[146] [147] [148

]
Chapter 11.
[149] [150

]
Chapter 12.
[151] [152

]
Chapter 13.
[153] [154] [155]
Overfull \hbox (1031.74498pt too wide) in paragraph at lines 9251--9251
[]\TU/lmtt/m/n/10 procedures for analyzing data,  techniques for interpreting t
he results of such procedures, ways of planning the  gathering of data to make 
its analysis easier, more precise or more accurate, and  all the machinery and 
results of (mathematical) statistics which apply to analyzing data.[] 
 []

File: Figures/Figure 1.png Graphic file (type QTm)
<use  "Figures/Figure 1.png" > [156]
File: Figures/Figure 2.png Graphic file (type QTm)
<use  "Figures/Figure 2.png" > [157] [158] [159] [160] [161] [162] [163] [164] 
[165] [166]
Chapter 14.
File: LossDataAnalytics_files/figure-latex/IntroPlot-1.pdf Graphic file (type Q
Tm)
<use  "LossDataAnalytics_files/figure-latex/IntroPlot-1.pdf" >

LaTeX Font Warning: Command \small invalid in math mode on input line 10028.

[167

] [168] [169] [170] [171] [172] [173] [174] [175]

LaTeX Font Warning: Command \small invalid in math mode on input line 10631.

[176]

LaTeX Font Warning: Command \small invalid in math mode on input line 10715.

[177] [178]
Overfull \hbox (21.81233pt too wide) in alignment at lines 10815--10823
 [][][] []
 []


LaTeX Font Warning: Command \small invalid in math mode on input line 10829.

[179] [180]

LaTeX Font Warning: Command \small invalid in math mode on input line 10995.

[181] [182]
File: LossDataAnalytics_files/figure-latex/unnamed-chunk-34-1.pdf Graphic file 
(type QTm)
<use  "LossDataAnalytics_files/figure-latex/unnamed-chunk-34-1.pdf" > [183]
Overfull \hbox (81.49498pt too wide) in paragraph at lines 11197--11197
[]\TU/lmtt/m/n/10 fit = vglm(alae ~ 1, paretoII(location=0, lscale="loge", lsha
pe="loge")) # fit the model by vlgm function[] 
 []


Overfull \hbox (333.49498pt too wide) in paragraph at lines 11197--11197
[]\TU/lmtt/m/n/10 coef(fit, matrix=TRUE) # extract fitted model coefficients, m
atrix=TRUE gives logarithm of estimated parameters instead of default normal sc
ale estimates[] 
 []

[184]
File: LossDataAnalytics_files/figure-latex/unnamed-chunk-38-1.pdf Graphic file 
(type QTm)
<use  "LossDataAnalytics_files/figure-latex/unnamed-chunk-38-1.pdf" >
File: LossDataAnalytics_files/figure-latex/unnamed-chunk-39-1.pdf Graphic file 
(type QTm)
<use  "LossDataAnalytics_files/figure-latex/unnamed-chunk-39-1.pdf" >
Underfull \vbox (badness 10000) has occurred while \output is active []

[185]
File: LossDataAnalytics_files/figure-latex/unnamed-chunk-40-1.pdf Graphic file 
(type QTm)
<use  "LossDataAnalytics_files/figure-latex/unnamed-chunk-40-1.pdf" >
Underfull \vbox (badness 10000) has occurred while \output is active []

[186] [187]
File: LossDataAnalytics_files/figure-latex/unnamed-chunk-43-1.pdf Graphic file 
(type QTm)
<use  "LossDataAnalytics_files/figure-latex/unnamed-chunk-43-1.pdf" >
Underfull \vbox (badness 10000) has occurred while \output is active []

[188] [189]

LaTeX Font Warning: Command \small invalid in math mode on input line 11476.

[190] [191]
File: LossDataAnalytics_files/figure-latex/unnamed-chunk-44-1.pdf Graphic file 
(type QTm)
<use  "LossDataAnalytics_files/figure-latex/unnamed-chunk-44-1.pdf" >
Overfull \hbox (60.49498pt too wide) in paragraph at lines 11599--11599
[]\TU/lmtt/m/n/10 plot(cbind(U,1-U), xlab=quote(U[1]), ylab=quote(U[2]),main="P
erfect Negative Dependency") # W for d=2[] 
 []


Overfull \hbox (49.99498pt too wide) in paragraph at lines 11599--11599
[]\TU/lmtt/m/n/10 plot (cbind(U,U), xlab=quote(U[1]),ylab=quote(U[2]),main="Per
fect Positive Dependency")  #M for d=2[] 
 []


Underfull \vbox (badness 10000) has occurred while \output is active []

[192] [193]

LaTeX Font Warning: Command \small invalid in math mode on input line 11678.

[194] [195] [196

]
Chapter 15.

Overfull \hbox (59.46512pt too wide) in alignment at lines 11836--11841
 [] [] [] [] [] [] [] [] 
 []


Overfull \hbox (59.46512pt too wide) in alignment at lines 11841--11847
 [] [] [] [] [] [] [] [] 
 []


Underfull \vbox (badness 10000) has occurred while \output is active []

[197]
File: LossDataAnalytics_files/figure-latex/ClaimDistn1-1.pdf Graphic file (type
 QTm)
<use  "LossDataAnalytics_files/figure-latex/ClaimDistn1-1.pdf" > [198] [199] [2
00] [201] [202] [203] [204]
LaTeX Font Info:    External font `lmex10' loaded for size
(Font)              <12> on input line 12393.
LaTeX Font Info:    External font `lmex10' loaded for size
(Font)              <8> on input line 12393.
[205]
Underfull \vbox (badness 10000) detected at line 12477
 []


Underfull \vbox (badness 2435) has occurred while \output is active []

[206]
Overfull \vbox (2.51749pt too high) has occurred while \output is active []

[207]
File: LossDataAnalytics_files/figure-latex/FitClaimDistn-1.pdf Graphic file (ty
pe QTm)
<use  "LossDataAnalytics_files/figure-latex/FitClaimDistn-1.pdf" > [208]
Overfull \hbox (7.99498pt too wide) in paragraph at lines 12651--12651
[]  \TU/lmtt/m/n/10 logdens <- a1*yt - log(sigma) - log(beta(a1,a2)) - (a1+a2)*
logexpyt -log(ClaimData$Claim)[] 
 []


Overfull \hbox (107.74498pt too wide) in paragraph at lines 12651--12651
[]\TU/lmtt/m/n/10 fpareto_ex = dparetoII(exp(x),loc=0,shape = exp(coef(fit.pare
to)[2]), scale = exp(coef(fit.pareto)[1]))*exp(x)[] 
 []

[209] [210

]
Chapter 16.
[211] [212] [213] [214] [215] [216]
Chapter 17.
[217

] [218] [219] [220] [221] (LossDataAnalytics.bbl [222]
Missing character: There is no  in font [lmroman10-regular]:mapping=tex-text;!
[223

] [224])

Package natbib Warning: There were undefined citations.

Package atveryend Info: Empty hook `BeforeClearDocument' on input line 13464.
[225]
Package atveryend Info: Empty hook `AfterLastShipout' on input line 13464.
(LossDataAnalytics.aux)
Package atveryend Info: Empty hook `AtVeryEndDocument' on input line 13464.
Package atveryend Info: Empty hook `AtEndAfterFileList' on input line 13464.

LaTeX Warning: Label(s) may have changed. Rerun to get cross-references right.

 ) 
Here is how much of TeX's memory you used:
 23355 strings out of 427899
 426421 string characters out of 3153117
 584531 words of memory out of 3000000
 26929 multiletter control sequences out of 15000+200000
 584502 words of font info for 107 fonts, out of 3000000 for 9000
 1328 hyphenation exceptions out of 8191
 41i,15n,68p,10417b,513s stack positions out of 5000i,500n,10000p,200000b,50000s

Output written on LossDataAnalytics.pdf (225 pages).
