\BOOKMARK [0][-]{chapter*.2}{Preface}{}% 1
\BOOKMARK [1][-]{section*.9}{Acknowledgements}{chapter*.2}% 2
\BOOKMARK [1][-]{section*.10}{Contributors}{chapter*.2}% 3
\BOOKMARK [1][-]{section*.11}{Reviewers}{chapter*.2}% 4
\BOOKMARK [1][-]{section*.12}{For\040our\040Readers}{chapter*.2}% 5
\BOOKMARK [0][-]{chapter.1}{Introduction\040to\040Loss\040Data\040Analytics}{}% 6
\BOOKMARK [1][-]{section.1.1}{Relevance\040of\040Analytics}{chapter.1}% 7
\BOOKMARK [2][-]{subsection.1.1.1}{What\040is\040Analytics?}{section.1.1}% 8
\BOOKMARK [2][-]{subsection.1.1.2}{Short\040and\040Long-term\040Insurance}{section.1.1}% 9
\BOOKMARK [2][-]{subsection.1.1.3}{Insurance\040Processes}{section.1.1}% 10
\BOOKMARK [1][-]{section.1.2}{Insurance\040Company\040Operations}{chapter.1}% 11
\BOOKMARK [2][-]{subsection.1.2.1}{Initiating\040Insurance}{section.1.2}% 12
\BOOKMARK [2][-]{subsection.1.2.2}{Renewing\040Insurance}{section.1.2}% 13
\BOOKMARK [2][-]{subsection.1.2.3}{Claims\040and\040Product\040Management}{section.1.2}% 14
\BOOKMARK [2][-]{subsection.1.2.4}{Loss\040Reserving}{section.1.2}% 15
\BOOKMARK [1][-]{section.1.3}{Case\040Study:\040Wisconsin\040Property\040Fund}{chapter.1}% 16
\BOOKMARK [2][-]{subsection.1.3.1}{Fund\040Claims\040Variables:\040Frequency\040and\040Severity}{section.1.3}% 17
\BOOKMARK [2][-]{subsection.1.3.2}{Fund\040Rating\040Variables}{section.1.3}% 18
\BOOKMARK [2][-]{subsection.1.3.3}{Fund\040Operations}{section.1.3}% 19
\BOOKMARK [1][-]{section.1.4}{Further\040Resources\040and\040Contributors}{chapter.1}% 20
\BOOKMARK [0][-]{chapter.2}{Frequency\040Modeling}{}% 21
\BOOKMARK [1][-]{section.2.1}{Frequency\040Distributions}{chapter.2}% 22
\BOOKMARK [2][-]{subsection.2.1.1}{How\040Frequency\040Augments\040Severity\040Information}{section.2.1}% 23
\BOOKMARK [1][-]{section.2.2}{Basic\040Frequency\040Distributions}{chapter.2}% 24
\BOOKMARK [2][-]{subsection.2.2.1}{Foundations}{section.2.2}% 25
\BOOKMARK [2][-]{subsection.2.2.2}{Moment\040and\040Probability\040Generating\040Functions}{section.2.2}% 26
\BOOKMARK [2][-]{subsection.2.2.3}{Important\040Frequency\040Distributions}{section.2.2}% 27
\BOOKMARK [1][-]{section.2.3}{The\040\(a,\040b,\0400\)\040Class}{chapter.2}% 28
\BOOKMARK [1][-]{section.2.4}{Estimating\040Frequency\040Distributions}{chapter.2}% 29
\BOOKMARK [2][-]{subsection.2.4.1}{Parameter\040estimation}{section.2.4}% 30
\BOOKMARK [2][-]{subsection.2.4.2}{Frequency\040Distributions\040MLE}{section.2.4}% 31
\BOOKMARK [1][-]{section.2.5}{Other\040Frequency\040Distributions}{chapter.2}% 32
\BOOKMARK [2][-]{subsection.2.5.1}{Zero\040Truncation\040or\040Modification}{section.2.5}% 33
\BOOKMARK [1][-]{section.2.6}{Mixture\040Distributions}{chapter.2}% 34
\BOOKMARK [1][-]{section.2.7}{Goodness\040of\040Fit}{chapter.2}% 35
\BOOKMARK [1][-]{section.2.8}{Exercises}{chapter.2}% 36
\BOOKMARK [1][-]{section.2.9}{R\040Code\040for\040Plots\040in\040this\040Chapter}{chapter.2}% 37
\BOOKMARK [1][-]{section.2.10}{Further\040Resources\040and\040Contributors}{chapter.2}% 38
\BOOKMARK [0][-]{chapter.3}{Modeling\040Loss\040Severity}{}% 39
\BOOKMARK [1][-]{section.3.1}{Basic\040Distributional\040Quantities}{chapter.3}% 40
\BOOKMARK [2][-]{subsection.3.1.1}{Moments}{section.3.1}% 41
\BOOKMARK [2][-]{subsection.3.1.2}{Quantiles}{section.3.1}% 42
\BOOKMARK [2][-]{subsection.3.1.3}{Moment\040Generating\040Function}{section.3.1}% 43
\BOOKMARK [2][-]{subsection.3.1.4}{Probability\040Generating\040Function}{section.3.1}% 44
\BOOKMARK [1][-]{section.3.2}{Continuous\040Distributions\040for\040Modeling\040Loss\040Severity}{chapter.3}% 45
\BOOKMARK [2][-]{subsection.3.2.1}{Gamma\040Distribution}{section.3.2}% 46
\BOOKMARK [2][-]{subsection.3.2.2}{Pareto\040Distribution}{section.3.2}% 47
\BOOKMARK [2][-]{subsection.3.2.3}{Weibull\040Distribution}{section.3.2}% 48
\BOOKMARK [2][-]{subsection.3.2.4}{The\040Generalized\040Beta\040Distribution\040of\040the\040Second\040Kind}{section.3.2}% 49
\BOOKMARK [1][-]{section.3.3}{Methods\040of\040Creating\040New\040Distributions}{chapter.3}% 50
\BOOKMARK [2][-]{subsection.3.3.1}{Functions\040of\040Random\040Variables\040and\040their\040Distributions}{section.3.3}% 51
\BOOKMARK [2][-]{subsection.3.3.2}{Multiplication\040by\040a\040Constant}{section.3.3}% 52
\BOOKMARK [2][-]{subsection.3.3.3}{Raising\040to\040a\040Power}{section.3.3}% 53
\BOOKMARK [2][-]{subsection.3.3.4}{Exponentiation}{section.3.3}% 54
\BOOKMARK [2][-]{subsection.3.3.5}{Finite\040Mixtures}{section.3.3}% 55
\BOOKMARK [2][-]{subsection.3.3.6}{Continuous\040Mixtures}{section.3.3}% 56
\BOOKMARK [1][-]{section.3.4}{Coverage\040Modifications}{chapter.3}% 57
\BOOKMARK [2][-]{subsection.3.4.1}{Policy\040Deductibles}{section.3.4}% 58
\BOOKMARK [2][-]{subsection.3.4.2}{Policy\040Limits}{section.3.4}% 59
\BOOKMARK [2][-]{subsection.3.4.3}{Coinsurance}{section.3.4}% 60
\BOOKMARK [2][-]{subsection.3.4.4}{Reinsurance}{section.3.4}% 61
\BOOKMARK [1][-]{section.3.5}{Maximum\040Likelihood\040Estimation}{chapter.3}% 62
\BOOKMARK [2][-]{subsection.3.5.1}{Maximum\040Likelihood\040Estimators\040for\040Complete\040Data}{section.3.5}% 63
\BOOKMARK [2][-]{subsection.3.5.2}{Maximum\040Likelihood\040Estimators\040for\040Grouped\040Data}{section.3.5}% 64
\BOOKMARK [2][-]{subsection.3.5.3}{Maximum\040Likelihood\040Estimators\040for\040Censored\040Data}{section.3.5}% 65
\BOOKMARK [2][-]{subsection.3.5.4}{Maximum\040Likelihood\040Estimators\040for\040Truncated\040Data}{section.3.5}% 66
\BOOKMARK [1][-]{section.3.6}{Further\040Resources\040and\040Contributors}{chapter.3}% 67
\BOOKMARK [0][-]{chapter.4}{Model\040Selection\040and\040Estimation}{}% 68
\BOOKMARK [1][-]{section.4.1}{Nonparametric\040Inference}{chapter.4}% 69
\BOOKMARK [2][-]{subsection.4.1.1}{Nonparametric\040Estimation}{section.4.1}% 70
\BOOKMARK [2][-]{subsection.4.1.2}{Tools\040for\040Model\040Selection\040and\040Diagnostics}{section.4.1}% 71
\BOOKMARK [2][-]{subsection.4.1.3}{Starting\040Values}{section.4.1}% 72
\BOOKMARK [1][-]{section.4.2}{Model\040Selection}{chapter.4}% 73
\BOOKMARK [2][-]{subsection.4.2.1}{Iterative\040Model\040Selection}{section.4.2}% 74
\BOOKMARK [2][-]{subsection.4.2.2}{Model\040Selection\040Based\040on\040a\040Training\040Dataset}{section.4.2}% 75
\BOOKMARK [2][-]{subsection.4.2.3}{Model\040Selection\040Based\040on\040a\040Test\040Dataset}{section.4.2}% 76
\BOOKMARK [2][-]{subsection.4.2.4}{Model\040Selection\040Based\040on\040Cross-Validation}{section.4.2}% 77
\BOOKMARK [1][-]{section.4.3}{Estimation\040using\040Modified\040Data}{chapter.4}% 78
\BOOKMARK [2][-]{subsection.4.3.1}{Parametric\040Estimation\040using\040Modified\040Data}{section.4.3}% 79
\BOOKMARK [2][-]{subsection.4.3.2}{Nonparametric\040Estimation\040using\040Modified\040Data}{section.4.3}% 80
\BOOKMARK [1][-]{section.4.4}{Bayesian\040Inference}{chapter.4}% 81
\BOOKMARK [2][-]{subsection.4.4.1}{Bayesian\040Model}{section.4.4}% 82
\BOOKMARK [2][-]{subsection.4.4.2}{Decision\040Analysis}{section.4.4}% 83
\BOOKMARK [2][-]{subsection.4.4.3}{Posterior\040Distribution}{section.4.4}% 84
\BOOKMARK [1][-]{section.4.5}{Further\040Resources\040and\040Contributors}{chapter.4}% 85
\BOOKMARK [1][-]{section*.48}{Technical\040Supplement\040A.\040Gini\040Statistic}{chapter.4}% 86
\BOOKMARK [2][-]{section*.49}{TS\040A.1.\040The\040Classic\040Lorenz\040Curve}{section*.48}% 87
\BOOKMARK [2][-]{section*.50}{TS\040A.2.\040Ordered\040Lorenz\040Curve\040and\040the\040Gini\040Index}{section*.48}% 88
\BOOKMARK [2][-]{section*.53}{TS\040A.3.\040Out-of-Sample\040Validation}{section*.48}% 89
\BOOKMARK [0][-]{chapter.5}{Aggregate\040Loss\040Models}{}% 90
\BOOKMARK [1][-]{section.5.1}{Introduction}{chapter.5}% 91
\BOOKMARK [1][-]{section.5.2}{Individual\040Risk\040Model}{chapter.5}% 92
\BOOKMARK [1][-]{section.5.3}{Collective\040Risk\040Model}{chapter.5}% 93
\BOOKMARK [2][-]{subsection.5.3.1}{Moments\040and\040Distribution}{section.5.3}% 94
\BOOKMARK [2][-]{subsection.5.3.2}{Stop-loss\040Insurance}{section.5.3}% 95
\BOOKMARK [2][-]{subsection.5.3.3}{Analytic\040Results}{section.5.3}% 96
\BOOKMARK [2][-]{subsection.5.3.4}{Tweedie\040Distribution}{section.5.3}% 97
\BOOKMARK [1][-]{section.5.4}{Computing\040the\040Aggregate\040Claims\040Distribution}{chapter.5}% 98
\BOOKMARK [2][-]{subsection.5.4.1}{Recursive\040Method}{section.5.4}% 99
\BOOKMARK [2][-]{subsection.5.4.2}{Simulation}{section.5.4}% 100
\BOOKMARK [1][-]{section.5.5}{Effects\040of\040Coverage\040Modifications}{chapter.5}% 101
\BOOKMARK [2][-]{subsection.5.5.1}{Impact\040of\040Exposure\040on\040Frequency}{section.5.5}% 102
\BOOKMARK [2][-]{subsection.5.5.2}{Impact\040of\040Deductibles\040on\040Claim\040Frequency}{section.5.5}% 103
\BOOKMARK [2][-]{subsection.5.5.3}{Impact\040of\040Policy\040Modifications\040on\040Aggregate\040Claims}{section.5.5}% 104
\BOOKMARK [1][-]{section.5.6}{Further\040Resources\040and\040Contributors}{chapter.5}% 105
\BOOKMARK [0][-]{chapter.6}{Simulation}{}% 106
\BOOKMARK [1][-]{section.6.1}{Generating\040Independent\040Uniform\040Observations}{chapter.6}% 107
\BOOKMARK [1][-]{section.6.2}{Inverse\040Transform}{chapter.6}% 108
\BOOKMARK [1][-]{section.6.3}{How\040Many\040Simulated\040Values?}{chapter.6}% 109
\BOOKMARK [0][-]{chapter.7}{Premium\040Calculation\040Fundamentals}{}% 110
\BOOKMARK [0][-]{chapter.8}{Risk\040Classification}{}% 111
\BOOKMARK [1][-]{section.8.1}{Introduction}{chapter.8}% 112
\BOOKMARK [1][-]{section.8.2}{Poisson\040Regression\040Model}{chapter.8}% 113
\BOOKMARK [2][-]{subsection.8.2.1}{Need\040for\040Poisson\040Regression}{section.8.2}% 114
\BOOKMARK [2][-]{subsection.8.2.2}{Poisson\040Regression}{section.8.2}% 115
\BOOKMARK [2][-]{subsection.8.2.3}{Incorporating\040Exposure}{section.8.2}% 116
\BOOKMARK [2][-]{subsection.8.2.4}{Exercises}{section.8.2}% 117
\BOOKMARK [1][-]{section.8.3}{Categorical\040Variables\040and\040Multiplicative\040Tariff}{chapter.8}% 118
\BOOKMARK [2][-]{subsection.8.3.1}{Rating\040Factors\040and\040Tariff}{section.8.3}% 119
\BOOKMARK [2][-]{subsection.8.3.2}{Multiplicative\040Tariff\040Model}{section.8.3}% 120
\BOOKMARK [2][-]{subsection.8.3.3}{Poisson\040Regression\040for\040Multiplicative\040Tariff}{section.8.3}% 121
\BOOKMARK [2][-]{subsection.8.3.4}{Numerical\040Examples}{section.8.3}% 122
\BOOKMARK [1][-]{section.8.4}{Contributors\040and\040Further\040Resources}{chapter.8}% 123
\BOOKMARK [1][-]{section.8.5}{Technical Supplement – Estimating Poisson Regression Models}{chapter.8}% 124
\BOOKMARK [0][-]{chapter.9}{Experience\040Rating\040Using\040Credibility\040Theory}{}% 125
\BOOKMARK [1][-]{section.9.1}{Introduction\040to\040Applications\040of\040Credibility\040Theory}{chapter.9}% 126
\BOOKMARK [1][-]{section.9.2}{Limited\040Fluctuation\040Credibility}{chapter.9}% 127
\BOOKMARK [2][-]{subsection.9.2.1}{Full\040Credibility\040for\040Claim\040Frequency}{section.9.2}% 128
\BOOKMARK [2][-]{subsection.9.2.2}{Full\040Credibility\040for\040Aggregate\040Losses\040and\040Pure\040Premium}{section.9.2}% 129
\BOOKMARK [2][-]{subsection.9.2.3}{Full\040Credibility\040for\040Severity}{section.9.2}% 130
\BOOKMARK [2][-]{subsection.9.2.4}{Partial\040Credibility}{section.9.2}% 131
\BOOKMARK [1][-]{section.9.3}{Bühlmann Credibility}{chapter.9}% 132
\BOOKMARK [2][-]{subsection.9.3.1}{Credibility\040Z,\040EPV,\040and\040VHM}{section.9.3}% 133
\BOOKMARK [1][-]{section.9.4}{Bühlmann-Straub Credibility}{chapter.9}% 134
\BOOKMARK [1][-]{section.9.5}{Bayesian Inference and Bühlmann}{chapter.9}% 135
\BOOKMARK [2][-]{subsection.9.5.1}{Gamma-Poisson\040Model}{section.9.5}% 136
\BOOKMARK [2][-]{subsection.9.5.2}{Exact\040Credibility}{section.9.5}% 137
\BOOKMARK [1][-]{section.9.6}{Estimating\040Credibility\040Parameters}{chapter.9}% 138
\BOOKMARK [2][-]{subsection.9.6.1}{Full\040Credibility\040Standard\040for\040Limited\040Fluctuation\040Credibility}{section.9.6}% 139
\BOOKMARK [2][-]{subsection.9.6.2}{Nonparametric Estimation for Bühlmann and Bühlmann-Straub Models}{section.9.6}% 140
\BOOKMARK [2][-]{subsection.9.6.3}{Semiparametric Estimation for Bühlmann and Bühlmann-Straub Models}{section.9.6}% 141
\BOOKMARK [2][-]{subsection.9.6.4}{Balancing\040Credibility\040Estimators}{section.9.6}% 142
\BOOKMARK [1][-]{section.9.7}{Further\040Resources\040and\040Contributors}{chapter.9}% 143
\BOOKMARK [0][-]{chapter.10}{Portfolio\040Management\040including\040Reinsurance}{}% 144
\BOOKMARK [1][-]{section.10.1}{Tails\040of\040Distributions}{chapter.10}% 145
\BOOKMARK [2][-]{subsection.10.1.1}{Classification\040Based\040on\040Moments}{section.10.1}% 146
\BOOKMARK [2][-]{subsection.10.1.2}{Comparison\040Based\040on\040Limiting\040Tail\040Behavior}{section.10.1}% 147
\BOOKMARK [1][-]{section.10.2}{Risk\040Measures}{chapter.10}% 148
\BOOKMARK [2][-]{subsection.10.2.1}{Value-at-Risk}{section.10.2}% 149
\BOOKMARK [2][-]{subsection.10.2.2}{Tail\040Value-at-Risk}{section.10.2}% 150
\BOOKMARK [2][-]{subsection.10.2.3}{Properties\040of\040risk\040measures}{section.10.2}% 151
\BOOKMARK [1][-]{section.10.3}{Reinsurance}{chapter.10}% 152
\BOOKMARK [2][-]{subsection.10.3.1}{Proportional\040Reinsurance}{section.10.3}% 153
\BOOKMARK [2][-]{subsection.10.3.2}{Non-Proportional\040Reinsurance}{section.10.3}% 154
\BOOKMARK [2][-]{subsection.10.3.3}{Additional\040Reinsurance\040Treaties}{section.10.3}% 155
\BOOKMARK [0][-]{chapter.11}{Loss\040Reserving}{}% 156
\BOOKMARK [0][-]{chapter.12}{Experience\040Rating\040using\040Bonus-Malus}{}% 157
\BOOKMARK [0][-]{chapter.13}{Data\040Systems}{}% 158
\BOOKMARK [1][-]{section.13.1}{Data}{chapter.13}% 159
\BOOKMARK [2][-]{subsection.13.1.1}{Data\040Types\040and\040Sources}{section.13.1}% 160
\BOOKMARK [2][-]{subsection.13.1.2}{Data\040Structures\040and\040Storage}{section.13.1}% 161
\BOOKMARK [2][-]{subsection.13.1.3}{Data\040Quality}{section.13.1}% 162
\BOOKMARK [2][-]{subsection.13.1.4}{Data\040Cleaning}{section.13.1}% 163
\BOOKMARK [1][-]{section.13.2}{Data\040Analysis\040Preliminary}{chapter.13}% 164
\BOOKMARK [2][-]{subsection.13.2.1}{Data\040Analysis\040Process}{section.13.2}% 165
\BOOKMARK [2][-]{subsection.13.2.2}{Exploratory\040versus\040Confirmatory}{section.13.2}% 166
\BOOKMARK [2][-]{subsection.13.2.3}{Supervised\040versus\040Unsupervised}{section.13.2}% 167
\BOOKMARK [2][-]{subsection.13.2.4}{Parametric\040versus\040Nonparametric}{section.13.2}% 168
\BOOKMARK [2][-]{subsection.13.2.5}{Explanation\040versus\040Prediction}{section.13.2}% 169
\BOOKMARK [2][-]{subsection.13.2.6}{Data\040Modeling\040versus\040Algorithmic\040Modeling}{section.13.2}% 170
\BOOKMARK [2][-]{subsection.13.2.7}{Big\040Data\040Analysis}{section.13.2}% 171
\BOOKMARK [2][-]{subsection.13.2.8}{Reproducible\040Analysis}{section.13.2}% 172
\BOOKMARK [2][-]{subsection.13.2.9}{Ethical\040Issues}{section.13.2}% 173
\BOOKMARK [1][-]{section.13.3}{Data\040Analysis\040Techniques}{chapter.13}% 174
\BOOKMARK [2][-]{subsection.13.3.1}{Exploratory\040Techniques}{section.13.3}% 175
\BOOKMARK [2][-]{subsection.13.3.2}{Descriptive\040Statistics}{section.13.3}% 176
\BOOKMARK [2][-]{subsection.13.3.3}{Cluster\040Analysis}{section.13.3}% 177
\BOOKMARK [2][-]{subsection.13.3.4}{Confirmatory\040Techniques}{section.13.3}% 178
\BOOKMARK [1][-]{section.13.4}{Some\040R\040Functions}{chapter.13}% 179
\BOOKMARK [1][-]{section.13.5}{Summary}{chapter.13}% 180
\BOOKMARK [1][-]{section.13.6}{Further\040Resources\040and\040Contributors}{chapter.13}% 181
\BOOKMARK [0][-]{chapter.14}{Dependence\040Modeling}{}% 182
\BOOKMARK [1][-]{section.14.1}{Variable\040Types}{chapter.14}% 183
\BOOKMARK [2][-]{subsection.14.1.1}{Qualitative\040Variables}{section.14.1}% 184
\BOOKMARK [2][-]{subsection.14.1.2}{Quantitative\040Variables}{section.14.1}% 185
\BOOKMARK [2][-]{subsection.14.1.3}{Multivariate\040Variables}{section.14.1}% 186
\BOOKMARK [1][-]{section.14.2}{Classic\040Measures\040of\040Scalar\040Associations}{chapter.14}% 187
\BOOKMARK [2][-]{subsection.14.2.1}{Association\040Measures\040for\040Quantitative\040Variables}{section.14.2}% 188
\BOOKMARK [2][-]{subsection.14.2.2}{Rank\040Based\040Measures}{section.14.2}% 189
\BOOKMARK [2][-]{subsection.14.2.3}{Nominal\040Variables}{section.14.2}% 190
\BOOKMARK [1][-]{section.14.3}{Introduction\040to\040Copulas}{chapter.14}% 191
\BOOKMARK [1][-]{section.14.4}{Application\040Using\040Copulas}{chapter.14}% 192
\BOOKMARK [2][-]{subsection.14.4.1}{Data\040Description}{section.14.4}% 193
\BOOKMARK [2][-]{subsection.14.4.2}{Marginal\040Models}{section.14.4}% 194
\BOOKMARK [2][-]{subsection.14.4.3}{Probability\040Integral\040Transformation}{section.14.4}% 195
\BOOKMARK [2][-]{subsection.14.4.4}{Joint\040Modeling\040with\040Copula\040Function}{section.14.4}% 196
\BOOKMARK [1][-]{section.14.5}{Types\040of\040Copulas}{chapter.14}% 197
\BOOKMARK [2][-]{subsection.14.5.1}{Elliptical\040Copulas}{section.14.5}% 198
\BOOKMARK [2][-]{subsection.14.5.2}{Archimedian\040Copulas}{section.14.5}% 199
\BOOKMARK [2][-]{subsection.14.5.3}{Properties\040of\040Copulas}{section.14.5}% 200
\BOOKMARK [1][-]{section.14.6}{Why\040is\040Dependence\040Modeling\040Important?}{chapter.14}% 201
\BOOKMARK [1][-]{section.14.7}{Further\040Resources\040and\040Contributors}{chapter.14}% 202
\BOOKMARK [1][-]{section*.89}{Technical\040Supplement\040A.\040Other\040Classic\040Measures\040of\040Scalar\040Associations}{chapter.14}% 203
\BOOKMARK [2][-]{section*.90}{A.1.\040Blomqvist's\040Beta}{section*.89}% 204
\BOOKMARK [2][-]{section*.91}{A.2.\040Nonparametric\040Approach\040Using\040Spearman\040Correlation\040with\040Tied\040Ranks}{section*.89}% 205
\BOOKMARK [0][-]{chapter.15}{Appendix\040A:\040Review\040of\040Statistical\040Inference}{}% 206
\BOOKMARK [1][-]{section.15.1}{Basic\040Concepts}{chapter.15}% 207
\BOOKMARK [2][-]{subsection.15.1.1}{Random\040Sampling}{section.15.1}% 208
\BOOKMARK [2][-]{subsection.15.1.2}{Sampling\040Distribution}{section.15.1}% 209
\BOOKMARK [2][-]{subsection.15.1.3}{Central\040Limit\040Theorem}{section.15.1}% 210
\BOOKMARK [1][-]{section.15.2}{Point\040Estimation\040and\040Properties}{chapter.15}% 211
\BOOKMARK [2][-]{subsection.15.2.1}{Method\040of\040Moments\040Estimation}{section.15.2}% 212
\BOOKMARK [2][-]{subsection.15.2.2}{Maximum\040Likelihood\040Estimation}{section.15.2}% 213
\BOOKMARK [1][-]{section.15.3}{Interval\040Estimation}{chapter.15}% 214
\BOOKMARK [2][-]{subsection.15.3.1}{Exact\040Distribution\040for\040Normal\040Sample\040Mean}{section.15.3}% 215
\BOOKMARK [2][-]{subsection.15.3.2}{Large-sample\040Properties\040of\040MLE}{section.15.3}% 216
\BOOKMARK [2][-]{subsection.15.3.3}{Confidence\040Interval}{section.15.3}% 217
\BOOKMARK [1][-]{section.15.4}{Hypothesis\040Testing}{chapter.15}% 218
\BOOKMARK [2][-]{subsection.15.4.1}{Basic\040Concepts}{section.15.4}% 219
\BOOKMARK [2][-]{subsection.15.4.2}{Student-t\040test\040based\040on\040MLE}{section.15.4}% 220
\BOOKMARK [2][-]{subsection.15.4.3}{Likelihood\040Ratio\040Test}{section.15.4}% 221
\BOOKMARK [2][-]{subsection.15.4.4}{Information\040Criteria}{section.15.4}% 222
\BOOKMARK [0][-]{chapter.16}{Appendix\040B:\040Iterated\040Expectations}{}% 223
\BOOKMARK [1][-]{section.16.1}{Conditional\040Distribution\040and\040Conditional\040Expectation}{chapter.16}% 224
\BOOKMARK [2][-]{subsection.16.1.1}{Conditional\040Distribution}{section.16.1}% 225
\BOOKMARK [2][-]{subsection.16.1.2}{Conditional\040Expectation\040and\040Conditional\040Variance}{section.16.1}% 226
\BOOKMARK [1][-]{section.16.2}{Iterated\040Expectations\040and\040Total\040Variance}{chapter.16}% 227
\BOOKMARK [2][-]{subsection.16.2.1}{Law\040of\040Iterated\040Expectations}{section.16.2}% 228
\BOOKMARK [2][-]{subsection.16.2.2}{Law\040of\040Total\040Variance}{section.16.2}% 229
\BOOKMARK [2][-]{subsection.16.2.3}{Application}{section.16.2}% 230
\BOOKMARK [0][-]{chapter.17}{Appendix\040C:\040Maximum\040Likelihood\040Theory}{}% 231
\BOOKMARK [1][-]{section.17.1}{Likelihood\040Function}{chapter.17}% 232
\BOOKMARK [2][-]{subsection.17.1.1}{Likelihood\040and\040Log-likelihood\040Functions}{section.17.1}% 233
\BOOKMARK [2][-]{subsection.17.1.2}{Properties\040of\040Likelihood\040Functions}{section.17.1}% 234
\BOOKMARK [1][-]{section.17.2}{Maximum\040Likelihood\040Estimators}{chapter.17}% 235
\BOOKMARK [2][-]{subsection.17.2.1}{Definition\040and\040Derivation\040of\040MLE}{section.17.2}% 236
\BOOKMARK [2][-]{subsection.17.2.2}{Asymptotic\040Properties\040of\040MLE}{section.17.2}% 237
\BOOKMARK [2][-]{subsection.17.2.3}{Use\040of\040Maximum\040Likelihood\040Estimation}{section.17.2}% 238
\BOOKMARK [1][-]{section.17.3}{Statistical\040Inference\040Based\040on\040Maximum\040Likelhood\040Estimation}{chapter.17}% 239
\BOOKMARK [2][-]{subsection.17.3.1}{Hypothesis\040Testing}{section.17.3}% 240
\BOOKMARK [2][-]{subsection.17.3.2}{MLE\040and\040Model\040Validation}{section.17.3}% 241
